<?xml version="1.0" encoding="UTF-8"?>
<!-- Generated by org.testng.reporters.JUnitReportReporter -->
<testsuite skipped="0" hostname="PatilBrothers" name="POMTest" tests="1" failures="0" timestamp="17 Dec 2021 11:15:49 GMT" time="26.596" errors="0">
  <testcase name="Test" time="26.596" classname="POMTest"/>
</testsuite> <!-- POMTest -->
