<?xml version="1.0" encoding="UTF-8"?>
<!-- Generated by org.testng.reporters.JUnitReportReporter -->
<testsuite skipped="0" hostname="PatilBrothers" name="com.TestNG.TestNgBasics" tests="3" failures="0" timestamp="26 Oct 2021 05:08:44 GMT" time="0.016" errors="0">
  <testcase name="whatsapp" time="0.002" classname="com.TestNG.TestNgBasics"/>
  <testcase name="facebook" time="0.012" classname="com.TestNG.TestNgBasics"/>
  <testcase name="gmailAccount" time="0.002" classname="com.TestNG.TestNgBasics"/>
</testsuite> <!-- com.TestNG.TestNgBasics -->
