<?xml version="1.0" encoding="UTF-8"?>
<!-- Generated by org.testng.reporters.JUnitReportReporter -->
<testsuite skipped="0" hostname="PatilBrothers" name="ParallelTesting" tests="3" failures="0" timestamp="15 Dec 2021 15:13:02 GMT" time="0.016" errors="0">
  <testcase name="Test3" time="0.001" classname="ParallelTesting"/>
  <testcase name="Test2" time="0.001" classname="ParallelTesting"/>
  <testcase name="Test" time="0.014" classname="ParallelTesting"/>
</testsuite> <!-- ParallelTesting -->
