<?xml version="1.0" encoding="UTF-8"?>
<!-- Generated by org.testng.reporters.JUnitReportReporter -->
<testsuite skipped="0" hostname="PatilBrothers" name="InvocationCountTest" tests="5" failures="0" timestamp="13 Dec 2021 06:38:21 GMT" time="0.017" errors="0">
  <testcase name="Sum" time="0.001" classname="InvocationCountTest"/>
  <testcase name="Sum" time="0.002" classname="InvocationCountTest"/>
  <testcase name="Sum" time="0.001" classname="InvocationCountTest"/>
  <testcase name="Sum" time="0.012" classname="InvocationCountTest"/>
  <testcase name="Sum" time="0.001" classname="InvocationCountTest"/>
</testsuite> <!-- InvocationCountTest -->
