<?xml version="1.0" encoding="UTF-8"?>
<!-- Generated by org.testng.reporters.JUnitReportReporter -->
<testsuite skipped="0" hostname="PatilBrothers" name="ExceptionTest" tests="1" failures="0" timestamp="20 Nov 2021 18:28:10 GMT" time="0.010" errors="0">
  <testcase name="NoException" time="0.010" classname="ExceptionTest"/>
</testsuite> <!-- ExceptionTest -->
