<?xml version="1.0" encoding="UTF-8"?>
<!-- Generated by org.testng.reporters.JUnitReportReporter -->
<testsuite skipped="0" hostname="PatilBrothers" name="com.TestNG.TestNGAdvance" tests="1" failures="0" timestamp="28 Oct 2021 04:12:14 GMT" time="0.011" errors="0">
  <testcase name="googleTitle" time="0.011" classname="com.TestNG.TestNGAdvance"/>
</testsuite> <!-- com.TestNG.TestNGAdvance -->
